<?xml version="1.0" encoding="UTF-8"?>
<testsuite name="net.alagris.src.ThisGameApplicationTests" tests="0" skipped="0" failures="0" errors="0" timestamp="1970-01-01T00:00:00" hostname="Oelkozadam" time="0.0">
  <properties/>
  <system-out><![CDATA[17:48:14.386 [Test worker] DEBUG org.springframework.test.context.junit4.SpringJUnit4ClassRunner - SpringJUnit4ClassRunner constructor called with [class net.alagris.src.ThisGameApplicationTests]
17:48:14.419 [Test worker] DEBUG org.springframework.test.context.BootstrapUtils - Instantiating CacheAwareContextLoaderDelegate from class [org.springframework.test.context.cache.DefaultCacheAwareContextLoaderDelegate]
17:48:14.439 [Test worker] DEBUG org.springframework.test.context.BootstrapUtils - Instantiating BootstrapContext using constructor [public org.springframework.test.context.support.DefaultBootstrapContext(java.lang.Class,org.springframework.test.context.CacheAwareContextLoaderDelegate)]
17:48:14.522 [Test worker] DEBUG org.springframework.test.context.BootstrapUtils - Instantiating TestContextBootstrapper for test class [net.alagris.src.ThisGameApplicationTests] from class [org.springframework.boot.test.context.SpringBootTestContextBootstrapper]
17:48:14.547 [Test worker] INFO org.springframework.boot.test.context.SpringBootTestContextBootstrapper - Neither @ContextConfiguration nor @ContextHierarchy found for test class [net.alagris.src.ThisGameApplicationTests], using SpringBootContextLoader
17:48:14.551 [Test worker] DEBUG org.springframework.test.context.support.AbstractContextLoader - Did not detect default resource location for test class [net.alagris.src.ThisGameApplicationTests]: class path resource [net/alagris/src/ThisGameApplicationTests-context.xml] does not exist
17:48:14.555 [Test worker] DEBUG org.springframework.test.context.support.AbstractContextLoader - Did not detect default resource location for test class [net.alagris.src.ThisGameApplicationTests]: class path resource [net/alagris/src/ThisGameApplicationTestsContext.groovy] does not exist
17:48:14.556 [Test worker] INFO org.springframework.test.context.support.AbstractContextLoader - Could not detect default resource locations for test class [net.alagris.src.ThisGameApplicationTests]: no resource found for suffixes {-context.xml, Context.groovy}.
17:48:14.557 [Test worker] INFO org.springframework.test.context.support.AnnotationConfigContextLoaderUtils - Could not detect default configuration classes for test class [net.alagris.src.ThisGameApplicationTests]: ThisGameApplicationTests does not declare any static, non-private, non-final, nested classes annotated with @Configuration.
17:48:14.612 [Test worker] DEBUG org.springframework.test.context.support.ActiveProfilesUtils - Could not find an 'annotation declaring class' for annotation type [org.springframework.test.context.ActiveProfiles] and class [net.alagris.src.ThisGameApplicationTests]
17:48:14.723 [Test worker] DEBUG org.springframework.core.env.StandardEnvironment - Adding [systemProperties] PropertySource with lowest search precedence
17:48:14.725 [Test worker] DEBUG org.springframework.core.env.StandardEnvironment - Adding [systemEnvironment] PropertySource with lowest search precedence
17:48:14.725 [Test worker] DEBUG org.springframework.core.env.StandardEnvironment - Initialized StandardEnvironment with PropertySources [systemProperties,systemEnvironment]
17:48:14.738 [Test worker] DEBUG org.springframework.core.io.support.PathMatchingResourcePatternResolver - Resolved classpath location [net/alagris/src/] to resources [URL [file:/my/src/Java/spring/ThisGame/build/classes/test/net/alagris/src/], URL [file:/my/src/Java/spring/ThisGame/build/classes/main/net/alagris/src/]]
17:48:14.741 [Test worker] DEBUG org.springframework.core.io.support.PathMatchingResourcePatternResolver - Looking for matching resources in directory tree [/my/src/Java/spring/ThisGame/build/classes/test/net/alagris/src]
17:48:14.742 [Test worker] DEBUG org.springframework.core.io.support.PathMatchingResourcePatternResolver - Searching directory [/my/src/Java/spring/ThisGame/build/classes/test/net/alagris/src] for files matching pattern [/my/src/Java/spring/ThisGame/build/classes/test/net/alagris/src/*.class]
17:48:14.749 [Test worker] DEBUG org.springframework.core.io.support.PathMatchingResourcePatternResolver - Looking for matching resources in directory tree [/my/src/Java/spring/ThisGame/build/classes/main/net/alagris/src]
17:48:14.750 [Test worker] DEBUG org.springframework.core.io.support.PathMatchingResourcePatternResolver - Searching directory [/my/src/Java/spring/ThisGame/build/classes/main/net/alagris/src] for files matching pattern [/my/src/Java/spring/ThisGame/build/classes/main/net/alagris/src/*.class]
17:48:14.754 [Test worker] DEBUG org.springframework.core.io.support.PathMatchingResourcePatternResolver - Resolved location pattern [classpath*:net/alagris/src/*.class] to resources [file [/my/src/Java/spring/ThisGame/build/classes/test/net/alagris/src/ThisGameApplicationTests.class], file [/my/src/Java/spring/ThisGame/build/classes/main/net/alagris/src/BeansConfiguration.class], file [/my/src/Java/spring/ThisGame/build/classes/main/net/alagris/src/DemoController.class], file [/my/src/Java/spring/ThisGame/build/classes/main/net/alagris/src/ThisGameApplication.class]]
17:48:14.874 [Test worker] DEBUG org.springframework.context.annotation.ClassPathScanningCandidateComponentProvider - Identified candidate component class: file [/my/src/Java/spring/ThisGame/build/classes/main/net/alagris/src/ThisGameApplication.class]
17:48:14.877 [Test worker] INFO org.springframework.boot.test.context.SpringBootTestContextBootstrapper - Found @SpringBootConfiguration net.alagris.src.ThisGameApplication for test class net.alagris.src.ThisGameApplicationTests
17:48:14.881 [Test worker] DEBUG org.springframework.boot.test.context.SpringBootTestContextBootstrapper - @TestExecutionListeners is not present for class [net.alagris.src.ThisGameApplicationTests]: using defaults.
17:48:14.896 [Test worker] INFO org.springframework.boot.test.context.SpringBootTestContextBootstrapper - Loaded default TestExecutionListener class names from location [META-INF/spring.factories]: [org.springframework.boot.test.mock.mockito.MockitoTestExecutionListener, org.springframework.boot.test.mock.mockito.ResetMocksTestExecutionListener, org.springframework.boot.test.autoconfigure.restdocs.RestDocsTestExecutionListener, org.springframework.boot.test.autoconfigure.web.client.MockRestServiceServerResetTestExecutionListener, org.springframework.boot.test.autoconfigure.web.servlet.MockMvcPrintOnlyOnFailureTestExecutionListener, org.springframework.boot.test.autoconfigure.web.servlet.WebDriverTestExecutionListener, org.springframework.test.context.web.ServletTestExecutionListener, org.springframework.test.context.support.DirtiesContextBeforeModesTestExecutionListener, org.springframework.test.context.support.DependencyInjectionTestExecutionListener, org.springframework.test.context.support.DirtiesContextTestExecutionListener, org.springframework.test.context.transaction.TransactionalTestExecutionListener, org.springframework.test.context.jdbc.SqlScriptsTestExecutionListener]
17:48:14.921 [Test worker] INFO org.springframework.boot.test.context.SpringBootTestContextBootstrapper - Using TestExecutionListeners: [org.springframework.test.context.web.ServletTestExecutionListener@ad1fc55, org.springframework.test.context.support.DirtiesContextBeforeModesTestExecutionListener@5f24c80e, org.springframework.boot.test.autoconfigure.SpringBootDependencyInjectionTestExecutionListener@36eccbf5, org.springframework.test.context.support.DirtiesContextTestExecutionListener@4348055a, org.springframework.test.context.transaction.TransactionalTestExecutionListener@46fe7a32, org.springframework.test.context.jdbc.SqlScriptsTestExecutionListener@3fe3ae5b, org.springframework.boot.test.mock.mockito.MockitoTestExecutionListener@6f007931, org.springframework.boot.test.mock.mockito.ResetMocksTestExecutionListener@6ce1c35e, org.springframework.boot.test.autoconfigure.web.client.MockRestServiceServerResetTestExecutionListener@597b1b1a, org.springframework.boot.test.autoconfigure.web.servlet.WebDriverTestExecutionListener@7bc8f718, org.springframework.boot.test.autoconfigure.restdocs.RestDocsTestExecutionListener@176dc0a1, org.springframework.boot.test.autoconfigure.web.servlet.MockMvcPrintOnlyOnFailureTestExecutionListener@75740a21]
17:48:14.934 [Test worker] DEBUG org.springframework.test.annotation.ProfileValueUtils - Retrieved @ProfileValueSourceConfiguration [null] for test class [net.alagris.src.ThisGameApplicationTests]
17:48:14.936 [Test worker] DEBUG org.springframework.test.annotation.ProfileValueUtils - Retrieved ProfileValueSource type [class org.springframework.test.annotation.SystemProfileValueSource] for class [net.alagris.src.ThisGameApplicationTests]
]]></system-out>
  <system-err><![CDATA[]]></system-err>
</testsuite>
