<?xml version="1.0" encoding="UTF-8"?>
<testsuite name="net.alagris.src.ThisGameApplicationTests" tests="0" skipped="0" failures="0" errors="0" timestamp="1970-01-01T00:00:00" hostname="Alagriss-MBP" time="0.0">
  <properties/>
  <system-out><![CDATA[19:21:44.446 [Test worker] DEBUG org.springframework.test.context.junit4.SpringJUnit4ClassRunner - SpringJUnit4ClassRunner constructor called with [class net.alagris.src.ThisGameApplicationTests]
19:21:44.451 [Test worker] DEBUG org.springframework.test.context.BootstrapUtils - Instantiating CacheAwareContextLoaderDelegate from class [org.springframework.test.context.cache.DefaultCacheAwareContextLoaderDelegate]
19:21:44.459 [Test worker] DEBUG org.springframework.test.context.BootstrapUtils - Instantiating BootstrapContext using constructor [public org.springframework.test.context.support.DefaultBootstrapContext(java.lang.Class,org.springframework.test.context.CacheAwareContextLoaderDelegate)]
19:21:44.476 [Test worker] DEBUG org.springframework.test.context.BootstrapUtils - Instantiating TestContextBootstrapper for test class [net.alagris.src.ThisGameApplicationTests] from class [org.springframework.boot.test.context.SpringBootTestContextBootstrapper]
19:21:44.491 [Test worker] INFO org.springframework.boot.test.context.SpringBootTestContextBootstrapper - Neither @ContextConfiguration nor @ContextHierarchy found for test class [net.alagris.src.ThisGameApplicationTests], using SpringBootContextLoader
19:21:44.496 [Test worker] DEBUG org.springframework.test.context.support.AbstractContextLoader - Did not detect default resource location for test class [net.alagris.src.ThisGameApplicationTests]: class path resource [net/alagris/src/ThisGameApplicationTests-context.xml] does not exist
19:21:44.496 [Test worker] DEBUG org.springframework.test.context.support.AbstractContextLoader - Did not detect default resource location for test class [net.alagris.src.ThisGameApplicationTests]: class path resource [net/alagris/src/ThisGameApplicationTestsContext.groovy] does not exist
19:21:44.497 [Test worker] INFO org.springframework.test.context.support.AbstractContextLoader - Could not detect default resource locations for test class [net.alagris.src.ThisGameApplicationTests]: no resource found for suffixes {-context.xml, Context.groovy}.
19:21:44.498 [Test worker] INFO org.springframework.test.context.support.AnnotationConfigContextLoaderUtils - Could not detect default configuration classes for test class [net.alagris.src.ThisGameApplicationTests]: ThisGameApplicationTests does not declare any static, non-private, non-final, nested classes annotated with @Configuration.
19:21:44.542 [Test worker] DEBUG org.springframework.test.context.support.ActiveProfilesUtils - Could not find an 'annotation declaring class' for annotation type [org.springframework.test.context.ActiveProfiles] and class [net.alagris.src.ThisGameApplicationTests]
19:21:44.581 [Test worker] DEBUG org.springframework.core.env.StandardEnvironment - Adding [systemProperties] PropertySource with lowest search precedence
19:21:44.582 [Test worker] DEBUG org.springframework.core.env.StandardEnvironment - Adding [systemEnvironment] PropertySource with lowest search precedence
19:21:44.582 [Test worker] DEBUG org.springframework.core.env.StandardEnvironment - Initialized StandardEnvironment with PropertySources [systemProperties,systemEnvironment]
19:21:44.591 [Test worker] DEBUG org.springframework.core.io.support.PathMatchingResourcePatternResolver - Resolved classpath location [net/alagris/src/] to resources [URL [file:/Users/alagris/Documents/code/Java/workspaceSpring/THISgame/build/classes/test/net/alagris/src/], URL [file:/Users/alagris/Documents/code/Java/workspaceSpring/THISgame/build/classes/main/net/alagris/src/]]
19:21:44.591 [Test worker] DEBUG org.springframework.core.io.support.PathMatchingResourcePatternResolver - Looking for matching resources in directory tree [/Users/alagris/Documents/code/Java/workspaceSpring/THISgame/build/classes/test/net/alagris/src]
19:21:44.592 [Test worker] DEBUG org.springframework.core.io.support.PathMatchingResourcePatternResolver - Searching directory [/Users/alagris/Documents/code/Java/workspaceSpring/THISgame/build/classes/test/net/alagris/src] for files matching pattern [/Users/alagris/Documents/code/Java/workspaceSpring/THISgame/build/classes/test/net/alagris/src/*.class]
19:21:44.595 [Test worker] DEBUG org.springframework.core.io.support.PathMatchingResourcePatternResolver - Looking for matching resources in directory tree [/Users/alagris/Documents/code/Java/workspaceSpring/THISgame/build/classes/main/net/alagris/src]
19:21:44.595 [Test worker] DEBUG org.springframework.core.io.support.PathMatchingResourcePatternResolver - Searching directory [/Users/alagris/Documents/code/Java/workspaceSpring/THISgame/build/classes/main/net/alagris/src] for files matching pattern [/Users/alagris/Documents/code/Java/workspaceSpring/THISgame/build/classes/main/net/alagris/src/*.class]
19:21:44.597 [Test worker] DEBUG org.springframework.core.io.support.PathMatchingResourcePatternResolver - Resolved location pattern [classpath*:net/alagris/src/*.class] to resources [file [/Users/alagris/Documents/code/Java/workspaceSpring/THISgame/build/classes/test/net/alagris/src/ThisGameApplicationTests.class], file [/Users/alagris/Documents/code/Java/workspaceSpring/THISgame/build/classes/main/net/alagris/src/BeansConfiguration.class], file [/Users/alagris/Documents/code/Java/workspaceSpring/THISgame/build/classes/main/net/alagris/src/DemoController.class], file [/Users/alagris/Documents/code/Java/workspaceSpring/THISgame/build/classes/main/net/alagris/src/ThisGameApplication.class]]
19:21:44.662 [Test worker] DEBUG org.springframework.context.annotation.ClassPathScanningCandidateComponentProvider - Identified candidate component class: file [/Users/alagris/Documents/code/Java/workspaceSpring/THISgame/build/classes/main/net/alagris/src/ThisGameApplication.class]
19:21:44.664 [Test worker] INFO org.springframework.boot.test.context.SpringBootTestContextBootstrapper - Found @SpringBootConfiguration net.alagris.src.ThisGameApplication for test class net.alagris.src.ThisGameApplicationTests
19:21:44.669 [Test worker] DEBUG org.springframework.boot.test.context.SpringBootTestContextBootstrapper - @TestExecutionListeners is not present for class [net.alagris.src.ThisGameApplicationTests]: using defaults.
19:21:44.672 [Test worker] INFO org.springframework.boot.test.context.SpringBootTestContextBootstrapper - Loaded default TestExecutionListener class names from location [META-INF/spring.factories]: [org.springframework.boot.test.mock.mockito.MockitoTestExecutionListener, org.springframework.boot.test.mock.mockito.ResetMocksTestExecutionListener, org.springframework.boot.test.autoconfigure.restdocs.RestDocsTestExecutionListener, org.springframework.boot.test.autoconfigure.web.client.MockRestServiceServerResetTestExecutionListener, org.springframework.boot.test.autoconfigure.web.servlet.MockMvcPrintOnlyOnFailureTestExecutionListener, org.springframework.boot.test.autoconfigure.web.servlet.WebDriverTestExecutionListener, org.springframework.test.context.web.ServletTestExecutionListener, org.springframework.test.context.support.DirtiesContextBeforeModesTestExecutionListener, org.springframework.test.context.support.DependencyInjectionTestExecutionListener, org.springframework.test.context.support.DirtiesContextTestExecutionListener, org.springframework.test.context.transaction.TransactionalTestExecutionListener, org.springframework.test.context.jdbc.SqlScriptsTestExecutionListener]
19:21:44.691 [Test worker] INFO org.springframework.boot.test.context.SpringBootTestContextBootstrapper - Using TestExecutionListeners: [org.springframework.test.context.web.ServletTestExecutionListener@38d399b6, org.springframework.test.context.support.DirtiesContextBeforeModesTestExecutionListener@6d5bddbc, org.springframework.boot.test.autoconfigure.SpringBootDependencyInjectionTestExecutionListener@56e81e93, org.springframework.test.context.support.DirtiesContextTestExecutionListener@416e2b6b, org.springframework.test.context.transaction.TransactionalTestExecutionListener@655404d9, org.springframework.test.context.jdbc.SqlScriptsTestExecutionListener@56d193f2, org.springframework.boot.test.autoconfigure.web.servlet.WebDriverTestExecutionListener@40db133d, org.springframework.boot.test.autoconfigure.web.servlet.MockMvcPrintOnlyOnFailureTestExecutionListener@705e4d3e, org.springframework.boot.test.autoconfigure.web.client.MockRestServiceServerResetTestExecutionListener@3569fd20, org.springframework.boot.test.autoconfigure.restdocs.RestDocsTestExecutionListener@6f7db67c, org.springframework.boot.test.mock.mockito.ResetMocksTestExecutionListener@77270255, org.springframework.boot.test.mock.mockito.MockitoTestExecutionListener@75928632]
19:21:44.700 [Test worker] DEBUG org.springframework.test.annotation.ProfileValueUtils - Retrieved @ProfileValueSourceConfiguration [null] for test class [net.alagris.src.ThisGameApplicationTests]
19:21:44.701 [Test worker] DEBUG org.springframework.test.annotation.ProfileValueUtils - Retrieved ProfileValueSource type [class org.springframework.test.annotation.SystemProfileValueSource] for class [net.alagris.src.ThisGameApplicationTests]
]]></system-out>
  <system-err><![CDATA[]]></system-err>
</testsuite>
